!! New KML generation started at 1357960604.635. !!
-112.2656969554589 36.09049599090644 4000 10 1357960604.635
-112.2656969554589 36.10049599090644 4000 20 1357960604.698
-112.2656969554589 36.12049599090644 4000 76 1357960604.745
-112.2656969554589 36.13049599090644 4000 52 1357960604.791
-112.2656969554589 36.14049599090644 4000 9 1357960604.838
-112.2656969554589 36.15049599090644 4000 18 1357960604.885
-112.2656969554589 36.16049599090644 4000 20 1357960604.947
-112.2656969554589 36.17049599090644 4000 21 1357960604.994
-112.2656969554589 36.18049599090644 4000 39 1357960605.041
-112.2656969554589 36.19049599090644 4000 50 1357960605.088
-112.2656969554589 36.20049599090644 4000 92 1357960605.135
-112.2656969554589 36.21049599090644 4000 86 1357960605.197
-112.2656969554589 36.22049599090644 4000 21 1357960605.244
-112.2656969554589 36.23049599090644 4000 7 1357960605.291
-112.2656969554589 36.24049599090644 4000 4 1357960605.353
-112.2656969554589 36.25049599090644 4000 1 1357960605.4
-112.2656969554589 36.26019599090644 4000 0 1357960605.462
-112.2656969554589 36.27029599090644 4000 40 1357960605.509
-112.2656969554589 36.28049599090644 4000 88 1357960605.571
-112.2656969554589 36.29049599090644 4000 87 1357960605.634
-112.2656969554589 36.30049599090644 4000 33 1357960605.696
-112.2656969554589 36.31049599090644 4000 87 1357960605.759
-112.2656969554589 36.32049599090644 4000 36 1357960605.821
-112.2656969554589 36.33049599090644 4000 54 1357960605.868
-112.2656969554589 36.34049599090644 4000 42 1357960605.93
-112.2656969554589 36.35049599090644 4000 64 1357960605.993
-112.2656969554589 36.36049599090644 4000 79 1357960606.055
-112.2656969554589 36.37049599090644 4000 64 1357960606.117
-112.2656969554589 36.38049599090644 4000 11 1357960606.18
-112.2656969554589 36.39049599090644 4000 21 1357960606.258
-112.2656969554589 36.40049599090644 4000 46 1357960606.32
-112.2656969554589 36.41049599090644 4000 49 1357960606.398
-112.2656969554589 36.42049599090644 4000 23 1357960606.461
-112.2656969554589 36.43049599090644 4000 78 1357960606.539
-112.2656969554589 36.44049599090644 4000 65 1357960606.601
-112.2656969554589 36.45049599090644 4000 100 1357960606.679
!! New KML generation started at 1357966663.072. !!
-112.2656969554589 36.09049599090644 4000 10 1357966663.073
-112.2656969554589 36.10049599090644 4000 20 1357966665.154
-112.2656969554589 36.12049599090644 4000 76 1357966667.39
-112.2656969554589 36.13049599090644 4000 52 1357966669.901
-112.2656969554589 36.14049599090644 4000 9 1357966672.141
-112.2656969554589 36.15049599090644 4000 18 1357966674.573
-112.2656969554589 36.16049599090644 4000 20 1357966676.826
-112.2656969554589 36.17049599090644 4000 21 1357966679.271
-112.2656969554589 36.18049599090644 4000 39 1357966681.499
-112.2656969554589 36.19049599090644 4000 50 1357966683.933
-112.2656969554589 36.20049599090644 4000 92 1357966686.17
-112.2656969554589 36.21049599090644 4000 86 1357966688.616
-112.2656969554589 36.22049599090644 4000 21 1357966690.868
-112.2656969554589 36.23049599090644 4000 7 1357966693.323
-112.2656969554589 36.24049599090644 4000 4 1357966695.561
-112.2656969554589 36.25049599090644 4000 1 1357966698.004
-112.2656969554589 36.26019599090644 4000 0 1357966700.246
-112.2656969554589 36.27029599090644 4000 40 1357966702.839
-112.2656969554589 36.28049599090644 4000 88 1357966704.918
-112.2656969554589 36.29049599090644 4000 87 1357966707.329
-112.2656969554589 36.30049599090644 4000 33 1357966709.845
-112.2656969554589 36.31049599090644 4000 87 1357966712.238
-112.2656969554589 36.32049599090644 4000 36 1357966714.726
-112.2656969554589 36.33049599090644 4000 54 1357966717.139
-112.2656969554589 36.34049599090644 4000 42 1357966719.62
-112.2656969554589 36.35049599090644 4000 64 1357966722.05
-112.2656969554589 36.36049599090644 4000 79 1357966724.491
-112.2656969554589 36.37049599090644 4000 64 1357966726.829
-112.2656969554589 36.38049599090644 4000 11 1357966729.262
-112.2656969554589 36.39049599090644 4000 21 1357966731.686
-112.2656969554589 36.40049599090644 4000 46 1357966734.145
-112.2656969554589 36.41049599090644 4000 49 1357966736.578
-112.2656969554589 36.42049599090644 4000 23 1357966739.026
-112.2656969554589 36.43049599090644 4000 78 1357966741.44
-112.2656969554589 36.44049599090644 4000 65 1357966743.9
-112.2656969554589 36.45049599090644 4000 100 1357966746.31
!! New KML generation started at 1357967885.819. !!
-112.2656969554589 36.09049599090644 4000 10 1357967885.82
-112.2656969554589 36.10049599090644 4000 20 1357967887.952
-112.2656969554589 36.12049599090644 4000 76 1357967889.963
-112.2656969554589 36.13049599090644 4000 52 1357967891.978
-112.2656969554589 36.14049599090644 4000 9 1357967893.987
-112.2656969554589 36.15049599090644 4000 18 1357967896.004
-112.2656969554589 36.16049599090644 4000 20 1357967898.085
-112.2656969554589 36.17049599090644 4000 21 1357967900.096
-112.2656969554589 36.18049599090644 4000 39 1357967902.109
-112.2656969554589 36.19049599090644 4000 50 1357967904.124
-112.2656969554589 36.20049599090644 4000 92 1357967906.157
-112.2656969554589 36.21049599090644 4000 86 1357967908.197
-112.2656969554589 36.22049599090644 4000 21 1357967910.219
-112.2656969554589 36.23049599090644 4000 7 1357967912.236
-112.2656969554589 36.24049599090644 4000 4 1357967914.256
-112.2656969554589 36.25049599090644 4000 1 1357967916.282
-112.2656969554589 36.26019599090644 4000 0 1357967918.302
-112.2656969554589 36.27029599090644 4000 40 1357967920.326
-112.2656969554589 36.28049599090644 4000 88 1357967922.359
-112.2656969554589 36.29049599090644 4000 87 1357967924.386
-112.2656969554589 36.30049599090644 4000 33 1357967926.41
-112.2656969554589 36.31049599090644 4000 87 1357967928.454
-112.2656969554589 36.32049599090644 4000 36 1357967930.489
-112.2656969554589 36.33049599090644 4000 54 1357967932.517
-112.2656969554589 36.34049599090644 4000 42 1357967934.555
-112.2656969554589 36.35049599090644 4000 64 1357967936.597
-112.2656969554589 36.36049599090644 4000 79 1357967938.634
-112.2656969554589 36.37049599090644 4000 64 1357967940.668
-112.2656969554589 36.38049599090644 4000 11 1357967942.703
-112.2656969554589 36.39049599090644 4000 21 1357967944.739
-112.2656969554589 36.40049599090644 4000 46 1357967946.773
-112.2656969554589 36.41049599090644 4000 49 1357967948.82
-112.2656969554589 36.42049599090644 4000 23 1357967950.856
-112.2656969554589 36.43049599090644 4000 78 1357967952.93
-112.2656969554589 36.44049599090644 4000 65 1357967954.992
-112.2656969554589 36.45049599090644 4000 100 1357967957.075
!! New KML generation started at 1357968020.92. !!
-112.2656969554589 36.09049599090644 4000 10 1357968020.92
-112.2656969554589 36.10049599090644 4000 20 1357968023.242
-112.2656969554589 36.12049599090644 4000 76 1357968025.253
-112.2656969554589 36.13049599090644 4000 52 1357968027.266
-112.2656969554589 36.14049599090644 4000 9 1357968029.276
-112.2656969554589 36.15049599090644 4000 18 1357968031.288
-112.2656969554589 36.16049599090644 4000 20 1357968033.311
-112.2656969554589 36.17049599090644 4000 21 1357968035.326
-112.2656969554589 36.18049599090644 4000 39 1357968037.343
-112.2656969554589 36.19049599090644 4000 50 1357968039.36
-112.2656969554589 36.20049599090644 4000 92 1357968041.375
-112.2656969554589 36.21049599090644 4000 86 1357968043.399
-112.2656969554589 36.22049599090644 4000 21 1357968045.415
-112.2656969554589 36.23049599090644 4000 7 1357968047.438
-112.2656969554589 36.24049599090644 4000 4 1357968049.459
-112.2656969554589 36.25049599090644 4000 1 1357968051.479
-112.2656969554589 36.26019599090644 4000 0 1357968053.515
-112.2656969554589 36.27029599090644 4000 40 1357968055.534
-112.2656969554589 36.28049599090644 4000 88 1357968057.554
-112.2656969554589 36.29049599090644 4000 87 1357968059.577
-112.2656969554589 36.30049599090644 4000 33 1357968061.598
-112.2656969554589 36.31049599090644 4000 87 1357968063.621
-112.2656969554589 36.32049599090644 4000 36 1357968065.653
-112.2656969554589 36.33049599090644 4000 54 1357968067.692
-112.2656969554589 36.34049599090644 4000 42 1357968069.771
-112.2656969554589 36.35049599090644 4000 64 1357968071.796
-112.2656969554589 36.36049599090644 4000 79 1357968073.824
-112.2656969554589 36.37049599090644 4000 64 1357968075.853
-112.2656969554589 36.38049599090644 4000 11 1357968077.901
!! New KML generation started at 1357968138.743. !!
-112.2656969554589 36.09049599090644 4000 10 1357968138.744
-112.2656969554589 36.10049599090644 4000 20 1357968140.831
-112.2656969554589 36.12049599090644 4000 76 1357968143.103
-112.2656969554589 36.13049599090644 4000 52 1357968145.111
-112.2656969554589 36.14049599090644 4000 9 1357968147.121
-112.2656969554589 36.15049599090644 4000 18 1357968149.131
-112.2656969554589 36.16049599090644 4000 20 1357968151.143
-112.2656969554589 36.17049599090644 4000 21 1357968153.154
-112.2656969554589 36.18049599090644 4000 39 1357968155.166
-112.2656969554589 36.19049599090644 4000 50 1357968157.179
-112.2656969554589 36.20049599090644 4000 92 1357968159.193
-112.2656969554589 36.21049599090644 4000 86 1357968161.211
-112.2656969554589 36.22049599090644 4000 21 1357968163.228
-112.2656969554589 36.23049599090644 4000 7 1357968165.248
-112.2656969554589 36.24049599090644 4000 4 1357968167.265
-112.2656969554589 36.25049599090644 4000 1 1357968169.289
-112.2656969554589 36.26019599090644 4000 0 1357968171.308
!! New KML generation started at 1357968182.966. !!
-112.2656969554589 36.09049599090644 4000 10 1357968182.967
-112.2656969554589 36.10049599090644 4000 20 1357968185.042
-112.2656969554589 36.12049599090644 4000 76 1357968187.054
-112.2656969554589 36.13049599090644 4000 52 1357968189.065
-112.2656969554589 36.14049599090644 4000 9 1357968191.076
-112.2656969554589 36.15049599090644 4000 18 1357968193.087
-112.2656969554589 36.16049599090644 4000 20 1357968195.106
-112.2656969554589 36.17049599090644 4000 21 1357968197.122
-112.2656969554589 36.18049599090644 4000 39 1357968199.139
-112.2656969554589 36.19049599090644 4000 50 1357968201.157
-112.2656969554589 36.20049599090644 4000 92 1357968203.175
-112.2656969554589 36.21049599090644 4000 86 1357968205.194
-112.2656969554589 36.22049599090644 4000 21 1357968207.212
-112.2656969554589 36.23049599090644 4000 7 1357968209.232
-112.2656969554589 36.24049599090644 4000 4 1357968211.255
-112.2656969554589 36.25049599090644 4000 1 1357968213.283
-112.2656969554589 36.26019599090644 4000 0 1357968215.305
-112.2656969554589 36.27029599090644 4000 40 1357968217.337
-112.2656969554589 36.28049599090644 4000 88 1357968219.36
-112.2656969554589 36.29049599090644 4000 87 1357968221.388
-112.2656969554589 36.30049599090644 4000 33 1357968223.415
-112.2656969554589 36.31049599090644 4000 87 1357968225.443
-112.2656969554589 36.32049599090644 4000 36 1357968227.474
-112.2656969554589 36.33049599090644 4000 54 1357968229.505
-112.2656969554589 36.34049599090644 4000 42 1357968231.542
-112.2656969554589 36.35049599090644 4000 64 1357968233.578
-112.2656969554589 36.36049599090644 4000 79 1357968235.616
-112.2656969554589 36.37049599090644 4000 64 1357968237.65
-112.2656969554589 36.38049599090644 4000 11 1357968239.685
-112.2656969554589 36.39049599090644 4000 21 1357968241.74
-112.2656969554589 36.40049599090644 4000 46 1357968243.781
-112.2656969554589 36.41049599090644 4000 49 1357968245.836
-112.2656969554589 36.42049599090644 4000 23 1357968247.887
-112.2656969554589 36.43049599090644 4000 78 1357968249.927
-112.2656969554589 36.44049599090644 4000 65 1357968251.969
-112.2656969554589 36.45049599090644 4000 100 1357968254.012
!! New KML generation started at 1357968596.156. !!
-112.2656969554589 36.09049599090644 4000 10 1357968596.157
-112.2656969554589 36.10049599090644 4000 20 1357968598.241
-112.2656969554589 36.12049599090644 4000 76 1357968600.252
-112.2656969554589 36.13049599090644 4000 52 1357968602.265
-112.2656969554589 36.14049599090644 4000 9 1357968604.286
-112.2656969554589 36.15049599090644 4000 18 1357968606.296
-112.2656969554589 36.16049599090644 4000 20 1357968608.311
-112.2656969554589 36.17049599090644 4000 21 1357968610.329
-112.2656969554589 36.18049599090644 4000 39 1357968612.349
-112.2656969554589 36.19049599090644 4000 50 1357968614.376
-112.2656969554589 36.20049599090644 4000 92 1357968616.396
-112.2656969554589 36.21049599090644 4000 86 1357968618.42
-112.2656969554589 36.22049599090644 4000 21 1357968620.444
-112.2656969554589 36.23049599090644 4000 7 1357968622.464
-112.2656969554589 36.24049599090644 4000 4 1357968624.491
-112.2656969554589 36.25049599090644 4000 1 1357968626.518
-112.2656969554589 36.26019599090644 4000 0 1357968628.536
-112.2656969554589 36.27029599090644 4000 40 1357968630.557
-112.2656969554589 36.28049599090644 4000 88 1357968632.586
-112.2656969554589 36.29049599090644 4000 87 1357968634.614
-112.2656969554589 36.30049599090644 4000 33 1357968636.639
-112.2656969554589 36.31049599090644 4000 87 1357968638.664
-112.2656969554589 36.32049599090644 4000 36 1357968640.694
-112.2656969554589 36.33049599090644 4000 54 1357968643.445
-112.2656969554589 36.34049599090644 4000 42 1357968645.472
-112.2656969554589 36.35049599090644 4000 64 1357968647.499
-112.2656969554589 36.36049599090644 4000 79 1357968649.528
-112.2656969554589 36.37049599090644 4000 64 1357968651.555
-112.2656969554589 36.38049599090644 4000 11 1357968653.588
-112.2656969554589 36.39049599090644 4000 21 1357968655.618
-112.2656969554589 36.40049599090644 4000 46 1357968657.652
-112.2656969554589 36.41049599090644 4000 49 1357968659.692
-112.2656969554589 36.42049599090644 4000 23 1357968661.724
-112.2656969554589 36.43049599090644 4000 78 1357968663.758
-112.2656969554589 36.44049599090644 4000 65 1357968665.792
-112.2656969554589 36.45049599090644 4000 100 1357968667.83
!! New KML generation started at 1357968700.94. !!
-112.2656969554589 36.09049599090644 4000 10 1357968700.94
-112.2656969554589 36.10049599090644 4000 20 1357968703.017
-112.2656969554589 36.12049599090644 4000 76 1357968705.029
-112.2656969554589 36.13049599090644 4000 52 1357968707.039
-112.2656969554589 36.14049599090644 4000 9 1357968709.053
-112.2656969554589 36.15049599090644 4000 18 1357968711.064
-112.2656969554589 36.16049599090644 4000 20 1357968713.08
-112.2656969554589 36.17049599090644 4000 21 1357968715.096
!! New KML generation started at 1357968762.352. !!
-112.2656969554589 36.09049599090644 4000 10 1357968762.352
-112.2656969554589 36.10049599090644 4000 20 1357968764.421
-112.2656969554589 36.12049599090644 4000 76 1357968766.435
-112.2656969554589 36.13049599090644 4000 52 1357968768.445
-112.2656969554589 36.14049599090644 4000 9 1357968770.457
-112.2656969554589 36.15049599090644 4000 18 1357968772.482
-112.2656969554589 36.16049599090644 4000 20 1357968774.508
-112.2656969554589 36.17049599090644 4000 21 1357968776.525
-112.2656969554589 36.18049599090644 4000 39 1357968778.538
-112.2656969554589 36.19049599090644 4000 50 1357968780.554
-112.2656969554589 36.20049599090644 4000 92 1357968782.571
-112.2656969554589 36.21049599090644 4000 86 1357968784.59
-112.2656969554589 36.22049599090644 4000 21 1357968786.61
-112.2656969554589 36.23049599090644 4000 7 1357968788.629
-112.2656969554589 36.24049599090644 4000 4 1357968790.65
-112.2656969554589 36.25049599090644 4000 1 1357968792.677
-112.2656969554589 36.26019599090644 4000 0 1357968794.704
-112.2656969554589 36.27029599090644 4000 40 1357968796.75
-112.2656969554589 36.28049599090644 4000 88 1357968798.777
-112.2656969554589 36.29049599090644 4000 87 1357968800.822
-112.2656969554589 36.30049599090644 4000 33 1357968802.852
-112.2656969554589 36.31049599090644 4000 87 1357968804.897
-112.2656969554589 36.32049599090644 4000 36 1357968806.925
-112.2656969554589 36.33049599090644 4000 54 1357968808.957
-112.2656969554589 36.34049599090644 4000 42 1357968810.993
-112.2656969554589 36.35049599090644 4000 64 1357968813.023
-112.2656969554589 36.36049599090644 4000 79 1357968815.062
-112.2656969554589 36.37049599090644 4000 64 1357968817.096
-112.2656969554589 36.38049599090644 4000 11 1357968819.139
-112.2656969554589 36.39049599090644 4000 21 1357968821.176
-112.2656969554589 36.40049599090644 4000 46 1357968823.223
-112.2656969554589 36.41049599090644 4000 49 1357968825.284
-112.2656969554589 36.42049599090644 4000 23 1357968827.326
-112.2656969554589 36.43049599090644 4000 78 1357968829.367
-112.2656969554589 36.44049599090644 4000 65 1357968831.412
-112.2656969554589 36.45049599090644 4000 100 1357968833.464
